2015-05-29 04:26:27.550 HelloCordova[31288:3549926] DiskCookieStorage changing policy from 2 to 0, cookie file: file:///Users/calvin/Library/Developer/CoreSimulator/Devices/A3B6C373-E7A4-46AC-AB8C-A229298BFD7F/data/Containers/Data/Application/C4C61CEE-8045-4E45-9361-0FC49829986C/Library/Cookies/Cookies.binarycookies
2015-05-29 04:26:27.827 HelloCordova[31288:3549926] Apache Cordova native platform version 3.8.0 is starting.
2015-05-29 04:26:27.827 HelloCordova[31288:3549926] Multi-tasking -> Device: YES, App: YES
2015-05-29 04:26:27.839 HelloCordova[31288:3549926] Unlimited access to network resources
2015-05-29 04:26:27.848 HelloCordova[31288:3549926] 

Started backup to iCloud! Please be careful.
Your application might be rejected by Apple if you store too much data.
For more information please read "iOS Data Storage Guidelines" at:
https://developer.apple.com/icloud/documentation/data-storage/
To disable web storage backup to iCloud, set the BackupWebStorage preference to "local" in the Cordova config.xml file

2015-05-29 04:26:28.238 HelloCordova[31288:3549926] [CDVTimer][splashscreen] 138.110995ms
2015-05-29 04:26:28.238 HelloCordova[31288:3549926] [CDVTimer][TotalPluginStartup] 138.228953ms
2015-05-29 04:26:28.481 HelloCordova[31288:3549926] Resetting plugins due to page load.
2015-05-29 04:26:28.578 HelloCordova[31288:3549926] Finished load of: file:///Users/calvin/Library/Developer/CoreSimulator/Devices/A3B6C373-E7A4-46AC-AB8C-A229298BFD7F/data/Containers/Bundle/Application/034C3E2C-1624-4244-AABE-67C7A16D4D26/HelloCordova.app/www/index.html
2015-05-29 04:31:53.424 HelloCordova[31457:3552499] DiskCookieStorage changing policy from 2 to 0, cookie file: file:///Users/calvin/Library/Developer/CoreSimulator/Devices/A3B6C373-E7A4-46AC-AB8C-A229298BFD7F/data/Containers/Data/Application/83C9B368-E1CA-4896-AB87-9EA2D270E093/Library/Cookies/Cookies.binarycookies
2015-05-29 04:31:53.679 HelloCordova[31457:3552499] Apache Cordova native platform version 3.8.0 is starting.
2015-05-29 04:31:53.679 HelloCordova[31457:3552499] Multi-tasking -> Device: YES, App: YES
2015-05-29 04:31:53.695 HelloCordova[31457:3552499] Unlimited access to network resources
2015-05-29 04:31:53.706 HelloCordova[31457:3552499] 

Started backup to iCloud! Please be careful.
Your application might be rejected by Apple if you store too much data.
For more information please read "iOS Data Storage Guidelines" at:
https://developer.apple.com/icloud/documentation/data-storage/
To disable web storage backup to iCloud, set the BackupWebStorage preference to "local" in the Cordova config.xml file

2015-05-29 04:31:54.062 HelloCordova[31457:3552499] [CDVTimer][splashscreen] 123.876035ms
2015-05-29 04:31:54.063 HelloCordova[31457:3552499] [CDVTimer][TotalPluginStartup] 124.073029ms
2015-05-29 04:31:54.210 HelloCordova[31457:3552499] Resetting plugins due to page load.
2015-05-29 04:31:54.305 HelloCordova[31457:3552499] Finished load of: file:///Users/calvin/Library/Developer/CoreSimulator/Devices/A3B6C373-E7A4-46AC-AB8C-A229298BFD7F/data/Containers/Bundle/Application/458B641D-D3FF-4A0C-84FC-1678EF06A8A9/HelloCordova.app/www/index.html
2015-05-29 04:44:24.982 HelloCordova[31457:3560251] Communications error: <OS_xpc_error: <error: 0x2d695f4> { count = 1, contents =
	"XPCErrorDescription" => <string: 0x2d6983c> { length = 22, contents = "Connection interrupted" }
}>
2015-05-29 04:55:55.120 HelloCordova[43183:3580260] DiskCookieStorage changing policy from 2 to 0, cookie file: file:///Users/calvin/Library/Developer/CoreSimulator/Devices/A3B6C373-E7A4-46AC-AB8C-A229298BFD7F/data/Containers/Data/Application/2EB3F4C8-C6C0-41A2-A310-BE69275BE3B6/Library/Cookies/Cookies.binarycookies
2015-05-29 04:55:55.213 HelloCordova[43183:3580260] Apache Cordova native platform version 3.8.0 is starting.
2015-05-29 04:55:55.214 HelloCordova[43183:3580260] Multi-tasking -> Device: YES, App: YES
2015-05-29 04:55:55.215 HelloCordova[43183:3580260] Unlimited access to network resources
2015-05-29 04:55:55.218 HelloCordova[43183:3580260] 

Started backup to iCloud! Please be careful.
Your application might be rejected by Apple if you store too much data.
For more information please read "iOS Data Storage Guidelines" at:
https://developer.apple.com/icloud/documentation/data-storage/
To disable web storage backup to iCloud, set the BackupWebStorage preference to "local" in the Cordova config.xml file

2015-05-29 04:55:55.312 HelloCordova[43183:3580260] [CDVTimer][splashscreen] 33.463001ms
2015-05-29 04:55:55.312 HelloCordova[43183:3580260] [CDVTimer][TotalPluginStartup] 33.609033ms
2015-05-29 04:55:55.384 HelloCordova[43183:3580260] Resetting plugins due to page load.
2015-05-29 04:55:55.802 HelloCordova[43183:3580260] Finished load of: file:///Users/calvin/Library/Developer/CoreSimulator/Devices/A3B6C373-E7A4-46AC-AB8C-A229298BFD7F/data/Containers/Bundle/Application/58C581B8-E08C-4AD0-8E1D-D24AC09110F5/HelloCordova.app/www/index.html#/
2015-05-29 04:59:10.020 HelloCordova[48618:3588579] DiskCookieStorage changing policy from 2 to 0, cookie file: file:///Users/calvin/Library/Developer/CoreSimulator/Devices/A3B6C373-E7A4-46AC-AB8C-A229298BFD7F/data/Containers/Data/Application/E5C02A9F-B080-4248-9D02-D89D17483543/Library/Cookies/Cookies.binarycookies
2015-05-29 04:59:10.119 HelloCordova[48618:3588579] Apache Cordova native platform version 3.8.0 is starting.
2015-05-29 04:59:10.119 HelloCordova[48618:3588579] Multi-tasking -> Device: YES, App: YES
2015-05-29 04:59:10.121 HelloCordova[48618:3588579] Unlimited access to network resources
2015-05-29 04:59:10.124 HelloCordova[48618:3588579] 

Started backup to iCloud! Please be careful.
Your application might be rejected by Apple if you store too much data.
For more information please read "iOS Data Storage Guidelines" at:
https://developer.apple.com/icloud/documentation/data-storage/
To disable web storage backup to iCloud, set the BackupWebStorage preference to "local" in the Cordova config.xml file

2015-05-29 04:59:10.196 HelloCordova[48618:3588579] [CDVTimer][splashscreen] 21.305025ms
2015-05-29 04:59:10.197 HelloCordova[48618:3588579] [CDVTimer][TotalPluginStartup] 21.443009ms
2015-05-29 04:59:10.254 HelloCordova[48618:3588579] Resetting plugins due to page load.
2015-05-29 04:59:10.448 HelloCordova[48618:3588579] Finished load of: file:///Users/calvin/Library/Developer/CoreSimulator/Devices/A3B6C373-E7A4-46AC-AB8C-A229298BFD7F/data/Containers/Bundle/Application/9E059D71-B5CA-4E52-AB01-BA3AAE256B21/HelloCordova.app/www/index.html#/
2015-05-29 05:02:11.673 HelloCordova[48618:3595721] Terminating since there is no system app.
2015-05-29 05:02:23.067 HelloCordova[54014:3596185] DiskCookieStorage changing policy from 2 to 0, cookie file: file:///Users/calvin/Library/Developer/CoreSimulator/Devices/F645E19E-25F6-4EB0-803C-6BDA20AA610E/data/Containers/Data/Application/BE01B7D2-51E5-49FA-8BC6-A31FBF6901AB/Library/Cookies/Cookies.binarycookies
2015-05-29 05:02:23.175 HelloCordova[54014:3596185] Apache Cordova native platform version 3.8.0 is starting.
2015-05-29 05:02:23.175 HelloCordova[54014:3596185] Multi-tasking -> Device: YES, App: YES
2015-05-29 05:02:23.177 HelloCordova[54014:3596185] Unlimited access to network resources
2015-05-29 05:02:23.180 HelloCordova[54014:3596185] 

Started backup to iCloud! Please be careful.
Your application might be rejected by Apple if you store too much data.
For more information please read "iOS Data Storage Guidelines" at:
https://developer.apple.com/icloud/documentation/data-storage/
To disable web storage backup to iCloud, set the BackupWebStorage preference to "local" in the Cordova config.xml file

2015-05-29 05:02:23.263 HelloCordova[54014:3596185] [CDVTimer][splashscreen] 24.076998ms
2015-05-29 05:02:23.263 HelloCordova[54014:3596185] [CDVTimer][TotalPluginStartup] 24.231017ms
2015-05-29 05:02:23.593 HelloCordova[54014:3596185] Resetting plugins due to page load.
2015-05-29 05:02:23.849 HelloCordova[54014:3596185] Finished load of: file:///Users/calvin/Library/Developer/CoreSimulator/Devices/F645E19E-25F6-4EB0-803C-6BDA20AA610E/data/Containers/Bundle/Application/8040AAFB-7B17-4C0B-B95B-C899FED096E4/HelloCordova.app/www/index.html#/
2015-05-29 05:04:05.260 HelloCordova[54014:3596185] Resetting plugins due to page load.
2015-05-29 05:04:05.266 HelloCordova[54014:3596185] Failed to load webpage with error: Frame load interrupted
2015-05-29 05:04:05.878 HelloCordova[54014:3596185] Resetting plugins due to page load.
2015-05-29 05:04:05.893 HelloCordova[54014:3596185] Failed to load webpage with error: The requested URL was not found on this server.
2015-05-29 05:04:06.128 HelloCordova[54014:3596185] Resetting plugins due to page load.
2015-05-29 05:04:06.129 HelloCordova[54014:3596185] Failed to load webpage with error: The requested URL was not found on this server.
2015-05-29 05:04:07.095 HelloCordova[54014:3596185] Resetting plugins due to page load.
2015-05-29 05:04:07.099 HelloCordova[54014:3596185] Failed to load webpage with error: The requested URL was not found on this server.
2015-05-29 05:08:43.772 HelloCordova[59382:3604471] DiskCookieStorage changing policy from 2 to 0, cookie file: file:///Users/calvin/Library/Developer/CoreSimulator/Devices/F645E19E-25F6-4EB0-803C-6BDA20AA610E/data/Containers/Data/Application/32842AC7-ABA6-4750-A9A7-381DCA1FFAC5/Library/Cookies/Cookies.binarycookies
2015-05-29 05:08:43.859 HelloCordova[59382:3604471] Apache Cordova native platform version 3.8.0 is starting.
2015-05-29 05:08:43.859 HelloCordova[59382:3604471] Multi-tasking -> Device: YES, App: YES
2015-05-29 05:08:43.861 HelloCordova[59382:3604471] Unlimited access to network resources
2015-05-29 05:08:43.863 HelloCordova[59382:3604471] 

Started backup to iCloud! Please be careful.
Your application might be rejected by Apple if you store too much data.
For more information please read "iOS Data Storage Guidelines" at:
https://developer.apple.com/icloud/documentation/data-storage/
To disable web storage backup to iCloud, set the BackupWebStorage preference to "local" in the Cordova config.xml file

2015-05-29 05:08:43.936 HelloCordova[59382:3604471] [CDVTimer][splashscreen] 24.846017ms
2015-05-29 05:08:43.936 HelloCordova[59382:3604471] [CDVTimer][TotalPluginStartup] 24.984002ms
2015-05-29 05:08:44.284 HelloCordova[59382:3604471] Resetting plugins due to page load.
2015-05-29 05:08:44.515 HelloCordova[59382:3604471] Finished load of: file:///Users/calvin/Library/Developer/CoreSimulator/Devices/F645E19E-25F6-4EB0-803C-6BDA20AA610E/data/Containers/Bundle/Application/F87C6C23-2676-4CCF-BDC7-7328B588CED3/HelloCordova.app/www/index.html#/
